/home/david/Documents/Files/bitcoin_master_mind/hackathon-bmm/venv/lib/python3.12/site-packages/flask_limiter/extension.py:336: UserWarning: Using the in-memory storage for tracking rate limits as no storage was explicitly specified. This is not recommended for production use. See: https://flask-limiter.readthedocs.io#configuring-a-storage-backend for documentation about configuring the storage backend.
  warnings.warn(
Usage: run.py [OPTIONS] COMMAND [ARGS]...

Options:
  -e, --env-file FILE   Load environment variables from this file. python-
                        dotenv must be installed.
  -A, --app IMPORT      The Flask application or factory function to load, in
                        the form 'module:name'. Module can be a dotted import
                        or file path. Name is not required if it is 'app',
                        'application', 'create_app', or 'make_app', and can be
                        'name(args)' to pass arguments.
  --debug / --no-debug  Set debug mode.
  --version             Show the Flask version.
  --help                Show this message and exit.

Commands:
  build-rust    Build the Rust extension.
  create-admin  Create an admin user.
  db            Perform database migrations.
  format        Format the code with black.
  init-db       Initialize the database.
  install-rust  Install the Rust extension.
  limiter       Flask-Limiter maintenance & utility commmands
  lint          Lint the code with flake8.
  reset-db      Reset the database (WARNING: This will delete all data!).
  routes        Show the routes for the app.
  run           Run a development server.
  seed-data     Seed the database with sample data.
  shell         Run a shell in the app context.
  test          Run the test suite.
